{"C:\\Users\\admin\\Desktop\\vaultpad\\frontend\\src\\components\\EditorFooter.jsx": {"path":"C:\\Users\\admin\\Desktop\\vaultpad\\frontend\\src\\components\\EditorFooter.jsx","statementMap":{"0":{"start":{"line":7,"column":4},"end":{"line":20,"column":null}}},"fnMap":{"0":{"name":"EditorFooter","decl":{"start":{"line":1,"column":24},"end":{"line":1,"column":37}},"loc":{"start":{"line":6,"column":3},"end":{"line":22,"column":null}},"line":6}},"branchMap":{"0":{"loc":{"start":{"line":9,"column":19},"end":{"line":9,"column":52}},"type":"cond-expr","locations":[{"start":{"line":9,"column":31},"end":{"line":9,"column":40}},{"start":{"line":9,"column":40},"end":{"line":9,"column":52}}],"line":9},"1":{"loc":{"start":{"line":13,"column":21},"end":{"line":13,"column":null}},"type":"cond-expr","locations":[{"start":{"line":13,"column":33},"end":{"line":13,"column":42}},{"start":{"line":13,"column":42},"end":{"line":13,"column":null}}],"line":13}},"s":{"0":0},"f":{"0":0},"b":{"0":[0,0],"1":[0,0]},"meta":{"lastBranch":2,"lastFunction":1,"lastStatement":1,"seen":{"f:1:24:1:37":0,"s:7:4:20:Infinity":0,"b:9:31:9:40:9:40:9:52":0,"b:13:33:13:42:13:42:13:Infinity":1}}}
,"C:\\Users\\admin\\Desktop\\vaultpad\\frontend\\src\\components\\notes\\CreateNoteButton.jsx": {"path":"C:\\Users\\admin\\Desktop\\vaultpad\\frontend\\src\\components\\notes\\CreateNoteButton.jsx","statementMap":{"0":{"start":{"line":2,"column":4},"end":{"line":5,"column":null}}},"fnMap":{"0":{"name":"CreateNoteButton","decl":{"start":{"line":1,"column":24},"end":{"line":1,"column":41}},"loc":{"start":{"line":1,"column":55},"end":{"line":7,"column":null}},"line":1}},"branchMap":{},"s":{"0":4},"f":{"0":4},"b":{},"meta":{"lastBranch":0,"lastFunction":1,"lastStatement":1,"seen":{"f:1:24:1:41":0,"s:2:4:5:Infinity":0}}}
,"C:\\Users\\admin\\Desktop\\vaultpad\\frontend\\src\\components\\notes\\NoteEditor.jsx": {"path":"C:\\Users\\admin\\Desktop\\vaultpad\\frontend\\src\\components\\notes\\NoteEditor.jsx","statementMap":{"0":{"start":{"line":10,"column":4},"end":{"line":10,"column":null}},"1":{"start":{"line":12,"column":4},"end":{"line":12,"column":null}},"2":{"start":{"line":12,"column":17},"end":{"line":12,"column":null}},"3":{"start":{"line":13,"column":4},"end":{"line":13,"column":null}},"4":{"start":{"line":13,"column":17},"end":{"line":13,"column":null}},"5":{"start":{"line":15,"column":4},"end":{"line":37,"column":null}},"6":{"start":{"line":20,"column":33},"end":{"line":20,"column":null}},"7":{"start":{"line":27,"column":33},"end":{"line":27,"column":null}},"8":{"start":{"line":34,"column":36},"end":{"line":34,"column":null}},"9":{"start":{"line":34,"column":54},"end":{"line":34,"column":56}},"10":{"start":{"line":35,"column":32},"end":{"line":35,"column":null}}},"fnMap":{"0":{"name":"NoteEditor","decl":{"start":{"line":4,"column":24},"end":{"line":4,"column":35}},"loc":{"start":{"line":4,"column":71},"end":{"line":39,"column":null}},"line":4},"1":{"name":"(anonymous_1)","decl":{"start":{"line":20,"column":26},"end":{"line":20,"column":27}},"loc":{"start":{"line":20,"column":33},"end":{"line":20,"column":null}},"line":20},"2":{"name":"(anonymous_2)","decl":{"start":{"line":27,"column":26},"end":{"line":27,"column":27}},"loc":{"start":{"line":27,"column":33},"end":{"line":27,"column":null}},"line":27},"3":{"name":"(anonymous_3)","decl":{"start":{"line":34,"column":30},"end":{"line":34,"column":36}},"loc":{"start":{"line":34,"column":36},"end":{"line":34,"column":null}},"line":34},"4":{"name":"(anonymous_4)","decl":{"start":{"line":34,"column":49},"end":{"line":34,"column":54}},"loc":{"start":{"line":34,"column":54},"end":{"line":34,"column":56}},"line":34},"5":{"name":"(anonymous_5)","decl":{"start":{"line":35,"column":26},"end":{"line":35,"column":32}},"loc":{"start":{"line":35,"column":32},"end":{"line":35,"column":null}},"line":35}},"branchMap":{"0":{"loc":{"start":{"line":12,"column":4},"end":{"line":12,"column":null}},"type":"if","locations":[{"start":{"line":12,"column":4},"end":{"line":12,"column":null}},{"start":{},"end":{}}],"line":12},"1":{"loc":{"start":{"line":13,"column":4},"end":{"line":13,"column":null}},"type":"if","locations":[{"start":{"line":13,"column":4},"end":{"line":13,"column":null}},{"start":{},"end":{}}],"line":13},"2":{"loc":{"start":{"line":21,"column":29},"end":{"line":21,"column":null}},"type":"cond-expr","locations":[{"start":{"line":21,"column":41},"end":{"line":21,"column":57}},{"start":{"line":21,"column":57},"end":{"line":21,"column":null}}],"line":21},"3":{"loc":{"start":{"line":28,"column":66},"end":{"line":28,"column":111}},"type":"cond-expr","locations":[{"start":{"line":28,"column":78},"end":{"line":28,"column":96}},{"start":{"line":28,"column":96},"end":{"line":28,"column":111}}],"line":28},"4":{"loc":{"start":{"line":29,"column":29},"end":{"line":29,"column":null}},"type":"cond-expr","locations":[{"start":{"line":29,"column":41},"end":{"line":29,"column":62}},{"start":{"line":29,"column":62},"end":{"line":29,"column":null}}],"line":29}},"s":{"0":4,"1":4,"2":2,"3":2,"4":2,"5":0,"6":0,"7":0,"8":0,"9":0,"10":0},"f":{"0":4,"1":0,"2":0,"3":0,"4":0,"5":0},"b":{"0":[2,2],"1":[2,0],"2":[0,0],"3":[0,0],"4":[0,0]},"meta":{"lastBranch":5,"lastFunction":6,"lastStatement":11,"seen":{"f:4:24:4:35":0,"s:10:4:10:Infinity":0,"b:12:4:12:Infinity:undefined:undefined:undefined:undefined":0,"s:12:4:12:Infinity":1,"s:12:17:12:Infinity":2,"b:13:4:13:Infinity:undefined:undefined:undefined:undefined":1,"s:13:4:13:Infinity":3,"s:13:17:13:Infinity":4,"s:15:4:37:Infinity":5,"f:20:26:20:27":1,"s:20:33:20:Infinity":6,"b:21:41:21:57:21:57:21:Infinity":2,"f:27:26:27:27":2,"s:27:33:27:Infinity":7,"b:28:78:28:96:28:96:28:111":3,"b:29:41:29:62:29:62:29:Infinity":4,"f:34:30:34:36":3,"s:34:36:34:Infinity":8,"f:34:49:34:54":4,"s:34:54:34:56":9,"f:35:26:35:32":5,"s:35:32:35:Infinity":10}}}
,"C:\\Users\\admin\\Desktop\\vaultpad\\frontend\\src\\components\\notes\\NotesLayout.jsx": {"path":"C:\\Users\\admin\\Desktop\\vaultpad\\frontend\\src\\components\\notes\\NotesLayout.jsx","statementMap":{"0":{"start":{"line":8,"column":17},"end":{"line":8,"column":null}},"1":{"start":{"line":9,"column":76},"end":{"line":9,"column":null}},"2":{"start":{"line":11,"column":29},"end":{"line":19,"column":null}},"3":{"start":{"line":12,"column":8},"end":{"line":18,"column":null}},"4":{"start":{"line":13,"column":12},"end":{"line":17,"column":null}},"5":{"start":{"line":14,"column":16},"end":{"line":16,"column":null}},"6":{"start":{"line":21,"column":4},"end":{"line":21,"column":null}},"7":{"start":{"line":21,"column":17},"end":{"line":21,"column":null}},"8":{"start":{"line":23,"column":4},"end":{"line":38,"column":null}}},"fnMap":{"0":{"name":"NotesLayout","decl":{"start":{"line":7,"column":24},"end":{"line":7,"column":38}},"loc":{"start":{"line":7,"column":38},"end":{"line":40,"column":null}},"line":7},"1":{"name":"(anonymous_1)","decl":{"start":{"line":11,"column":29},"end":{"line":11,"column":30}},"loc":{"start":{"line":11,"column":46},"end":{"line":19,"column":null}},"line":11},"2":{"name":"(anonymous_2)","decl":{"start":{"line":12,"column":17},"end":{"line":12,"column":18}},"loc":{"start":{"line":13,"column":12},"end":{"line":17,"column":null}},"line":13},"3":{"name":"(anonymous_3)","decl":{"start":{"line":13,"column":21},"end":{"line":13,"column":22}},"loc":{"start":{"line":14,"column":16},"end":{"line":16,"column":null}},"line":14}},"branchMap":{"0":{"loc":{"start":{"line":14,"column":16},"end":{"line":16,"column":null}},"type":"cond-expr","locations":[{"start":{"line":15,"column":22},"end":{"line":15,"column":null}},{"start":{"line":16,"column":22},"end":{"line":16,"column":null}}],"line":14},"1":{"loc":{"start":{"line":21,"column":4},"end":{"line":21,"column":null}},"type":"if","locations":[{"start":{"line":21,"column":4},"end":{"line":21,"column":null}},{"start":{},"end":{}}],"line":21}},"s":{"0":8,"1":8,"2":8,"3":0,"4":0,"5":0,"6":8,"7":4,"8":4},"f":{"0":8,"1":0,"2":0,"3":0},"b":{"0":[0,0],"1":[4,4]},"meta":{"lastBranch":2,"lastFunction":4,"lastStatement":9,"seen":{"f:7:24:7:38":0,"s:8:17:8:Infinity":0,"s:9:76:9:Infinity":1,"s:11:29:19:Infinity":2,"f:11:29:11:30":1,"s:12:8:18:Infinity":3,"f:12:17:12:18":2,"s:13:12:17:Infinity":4,"f:13:21:13:22":3,"s:14:16:16:Infinity":5,"b:15:22:15:Infinity:16:22:16:Infinity":0,"b:21:4:21:Infinity:undefined:undefined:undefined:undefined":1,"s:21:4:21:Infinity":6,"s:21:17:21:Infinity":7,"s:23:4:38:Infinity":8}}}
,"C:\\Users\\admin\\Desktop\\vaultpad\\frontend\\src\\components\\notes\\NotesList.jsx": {"path":"C:\\Users\\admin\\Desktop\\vaultpad\\frontend\\src\\components\\notes\\NotesList.jsx","statementMap":{"0":{"start":{"line":2,"column":4},"end":{"line":14,"column":null}},"1":{"start":{"line":5,"column":16},"end":{"line":12,"column":null}},"2":{"start":{"line":7,"column":35},"end":{"line":7,"column":null}}},"fnMap":{"0":{"name":"NotesList","decl":{"start":{"line":1,"column":24},"end":{"line":1,"column":34}},"loc":{"start":{"line":1,"column":69},"end":{"line":16,"column":null}},"line":1},"1":{"name":"(anonymous_1)","decl":{"start":{"line":4,"column":23},"end":{"line":4,"column":24}},"loc":{"start":{"line":5,"column":16},"end":{"line":12,"column":null}},"line":5},"2":{"name":"(anonymous_2)","decl":{"start":{"line":7,"column":29},"end":{"line":7,"column":35}},"loc":{"start":{"line":7,"column":35},"end":{"line":7,"column":null}},"line":7}},"branchMap":{"0":{"loc":{"start":{"line":8,"column":86},"end":{"line":8,"column":null}},"type":"cond-expr","locations":[{"start":{"line":8,"column":113},"end":{"line":8,"column":143}},{"start":{"line":8,"column":143},"end":{"line":8,"column":null}}],"line":8},"1":{"loc":{"start":{"line":11,"column":21},"end":{"line":11,"column":null}},"type":"binary-expr","locations":[{"start":{"line":11,"column":21},"end":{"line":11,"column":35}},{"start":{"line":11,"column":35},"end":{"line":11,"column":null}}],"line":11}},"s":{"0":4,"1":2,"2":0},"f":{"0":4,"1":2,"2":0},"b":{"0":[2,0],"1":[2,2]},"meta":{"lastBranch":2,"lastFunction":3,"lastStatement":3,"seen":{"f:1:24:1:34":0,"s:2:4:14:Infinity":0,"f:4:23:4:24":1,"s:5:16:12:Infinity":1,"f:7:29:7:35":2,"s:7:35:7:Infinity":2,"b:8:113:8:143:8:143:8:Infinity":0,"b:11:21:11:35:11:35:11:Infinity":1}}}
,"C:\\Users\\admin\\Desktop\\vaultpad\\frontend\\src\\context\\AuthContext.jsx": {"path":"C:\\Users\\admin\\Desktop\\vaultpad\\frontend\\src\\context\\AuthContext.jsx","statementMap":{"0":{"start":{"line":4,"column":6},"end":{"line":4,"column":null}},"1":{"start":{"line":7,"column":30},"end":{"line":7,"column":null}},"2":{"start":{"line":8,"column":30},"end":{"line":8,"column":null}},"3":{"start":{"line":10,"column":4},"end":{"line":27,"column":null}},"4":{"start":{"line":12,"column":8},"end":{"line":15,"column":null}},"5":{"start":{"line":13,"column":12},"end":{"line":13,"column":null}},"6":{"start":{"line":14,"column":12},"end":{"line":14,"column":null}},"7":{"start":{"line":20,"column":12},"end":{"line":22,"column":null}},"8":{"start":{"line":21,"column":12},"end":{"line":21,"column":null}},"9":{"start":{"line":24,"column":8},"end":{"line":26,"column":null}},"10":{"start":{"line":25,"column":12},"end":{"line":25,"column":null}},"11":{"start":{"line":29,"column":18},"end":{"line":33,"column":null}},"12":{"start":{"line":35,"column":4},"end":{"line":38,"column":null}},"13":{"start":{"line":43,"column":10},"end":{"line":43,"column":null}},"14":{"start":{"line":44,"column":4},"end":{"line":46,"column":null}},"15":{"start":{"line":45,"column":8},"end":{"line":45,"column":null}},"16":{"start":{"line":47,"column":4},"end":{"line":47,"column":null}}},"fnMap":{"0":{"name":"AuthProvider","decl":{"start":{"line":6,"column":16},"end":{"line":6,"column":29}},"loc":{"start":{"line":6,"column":43},"end":{"line":40,"column":null}},"line":6},"1":{"name":"(anonymous_1)","decl":{"start":{"line":10,"column":14},"end":{"line":10,"column":20}},"loc":{"start":{"line":10,"column":20},"end":{"line":27,"column":7}},"line":10},"2":{"name":"(anonymous_2)","decl":{"start":{"line":12,"column":40},"end":{"line":12,"column":41}},"loc":{"start":{"line":12,"column":54},"end":{"line":15,"column":9}},"line":12},"3":{"name":"(anonymous_3)","decl":{"start":{"line":20,"column":44},"end":{"line":20,"column":45}},"loc":{"start":{"line":20,"column":65},"end":{"line":22,"column":9}},"line":20},"4":{"name":"(anonymous_4)","decl":{"start":{"line":24,"column":15},"end":{"line":24,"column":21}},"loc":{"start":{"line":24,"column":21},"end":{"line":26,"column":null}},"line":24},"5":{"name":"useAuth","decl":{"start":{"line":42,"column":16},"end":{"line":42,"column":26}},"loc":{"start":{"line":42,"column":26},"end":{"line":48,"column":null}},"line":42}},"branchMap":{"0":{"loc":{"start":{"line":31,"column":14},"end":{"line":31,"column":null}},"type":"binary-expr","locations":[{"start":{"line":31,"column":14},"end":{"line":31,"column":31}},{"start":{"line":31,"column":31},"end":{"line":31,"column":null}}],"line":31},"1":{"loc":{"start":{"line":44,"column":4},"end":{"line":46,"column":null}},"type":"if","locations":[{"start":{"line":44,"column":4},"end":{"line":46,"column":null}},{"start":{},"end":{}}],"line":44}},"s":{"0":1,"1":4,"2":4,"3":4,"4":2,"5":2,"6":2,"7":2,"8":0,"9":2,"10":2,"11":4,"12":4,"13":12,"14":12,"15":0,"16":12},"f":{"0":4,"1":2,"2":2,"3":0,"4":2,"5":12},"b":{"0":[4,2],"1":[0,12]},"meta":{"lastBranch":2,"lastFunction":6,"lastStatement":17,"seen":{"s:4:6:4:Infinity":0,"f:6:16:6:29":0,"s:7:30:7:Infinity":1,"s:8:30:8:Infinity":2,"s:10:4:27:Infinity":3,"f:10:14:10:20":1,"s:12:8:15:Infinity":4,"f:12:40:12:41":2,"s:13:12:13:Infinity":5,"s:14:12:14:Infinity":6,"s:20:12:22:Infinity":7,"f:20:44:20:45":3,"s:21:12:21:Infinity":8,"s:24:8:26:Infinity":9,"f:24:15:24:21":4,"s:25:12:25:Infinity":10,"s:29:18:33:Infinity":11,"b:31:14:31:31:31:31:31:Infinity":0,"s:35:4:38:Infinity":12,"f:42:16:42:26":5,"s:43:10:43:Infinity":13,"b:44:4:46:Infinity:undefined:undefined:undefined:undefined":1,"s:44:4:46:Infinity":14,"s:45:8:45:Infinity":15,"s:47:4:47:Infinity":16}}}
,"C:\\Users\\admin\\Desktop\\vaultpad\\frontend\\src\\data\\notes.cache.js": {"path":"C:\\Users\\admin\\Desktop\\vaultpad\\frontend\\src\\data\\notes.cache.js","statementMap":{"0":{"start":{"line":1,"column":18},"end":{"line":1,"column":33}},"1":{"start":{"line":4,"column":2},"end":{"line":8,"column":3}},"2":{"start":{"line":5,"column":4},"end":{"line":5,"column":60}},"3":{"start":{"line":7,"column":4},"end":{"line":7,"column":13}},"4":{"start":{"line":12,"column":2},"end":{"line":12,"column":56}},"5":{"start":{"line":16,"column":16},"end":{"line":16,"column":61}},"6":{"start":{"line":16,"column":45},"end":{"line":16,"column":60}},"7":{"start":{"line":17,"column":2},"end":{"line":17,"column":23}},"8":{"start":{"line":21,"column":2},"end":{"line":21,"column":44}}},"fnMap":{"0":{"name":"loadNotesCache","decl":{"start":{"line":3,"column":16},"end":{"line":3,"column":30}},"loc":{"start":{"line":3,"column":33},"end":{"line":9,"column":1}},"line":3},"1":{"name":"saveNotesCache","decl":{"start":{"line":11,"column":16},"end":{"line":11,"column":30}},"loc":{"start":{"line":11,"column":38},"end":{"line":13,"column":1}},"line":11},"2":{"name":"removeNoteFromCache","decl":{"start":{"line":15,"column":16},"end":{"line":15,"column":35}},"loc":{"start":{"line":15,"column":44},"end":{"line":18,"column":1}},"line":15},"3":{"name":"(anonymous_3)","decl":{"start":{"line":16,"column":40},"end":{"line":16,"column":41}},"loc":{"start":{"line":16,"column":45},"end":{"line":16,"column":60}},"line":16},"4":{"name":"clearDraft","decl":{"start":{"line":20,"column":16},"end":{"line":20,"column":26}},"loc":{"start":{"line":20,"column":35},"end":{"line":22,"column":null}},"line":20}},"branchMap":{"0":{"loc":{"start":{"line":5,"column":11},"end":{"line":5,"column":60}},"type":"binary-expr","locations":[{"start":{"line":5,"column":11},"end":{"line":5,"column":54}},{"start":{"line":5,"column":58},"end":{"line":5,"column":60}}],"line":5}},"s":{"0":1,"1":3,"2":3,"3":0,"4":3,"5":0,"6":0,"7":0,"8":0},"f":{"0":3,"1":3,"2":0,"3":0,"4":0},"b":{"0":[3,1]},"meta":{"lastBranch":1,"lastFunction":5,"lastStatement":9,"seen":{"s:1:18:1:33":0,"f:3:16:3:30":0,"s:4:2:8:3":1,"s:5:4:5:60":2,"b:5:11:5:54:5:58:5:60":0,"s:7:4:7:13":3,"f:11:16:11:30":1,"s:12:2:12:56":4,"f:15:16:15:35":2,"s:16:16:16:61":5,"f:16:40:16:41":3,"s:16:45:16:60":6,"s:17:2:17:23":7,"f:20:16:20:26":4,"s:21:2:21:44":8}}}
,"C:\\Users\\admin\\Desktop\\vaultpad\\frontend\\src\\data\\notes.service.js": {"path":"C:\\Users\\admin\\Desktop\\vaultpad\\frontend\\src\\data\\notes.service.js","statementMap":{"0":{"start":{"line":5,"column":13},"end":{"line":5,"column":36}},"1":{"start":{"line":8,"column":2},"end":{"line":8,"column":37}},"2":{"start":{"line":8,"column":25},"end":{"line":8,"column":37}},"3":{"start":{"line":10,"column":2},"end":{"line":26,"column":3}},"4":{"start":{"line":11,"column":28},"end":{"line":15,"column":48}},"5":{"start":{"line":17,"column":4},"end":{"line":20,"column":5}},"6":{"start":{"line":18,"column":6},"end":{"line":18,"column":60}},"7":{"start":{"line":19,"column":6},"end":{"line":19,"column":18}},"8":{"start":{"line":21,"column":4},"end":{"line":21,"column":16}},"9":{"start":{"line":24,"column":4},"end":{"line":24,"column":57}},"10":{"start":{"line":25,"column":4},"end":{"line":25,"column":16}},"11":{"start":{"line":30,"column":1},"end":{"line":30,"column":29}},"12":{"start":{"line":32,"column":2},"end":{"line":35,"column":3}},"13":{"start":{"line":33,"column":3},"end":{"line":33,"column":46}},"14":{"start":{"line":34,"column":4},"end":{"line":34,"column":10}},"15":{"start":{"line":37,"column":2},"end":{"line":37,"column":79}},"16":{"start":{"line":41,"column":2},"end":{"line":44,"column":3}},"17":{"start":{"line":42,"column":3},"end":{"line":42,"column":55}},"18":{"start":{"line":43,"column":4},"end":{"line":43,"column":15}},"19":{"start":{"line":46,"column":19},"end":{"line":52,"column":13}},"20":{"start":{"line":54,"column":2},"end":{"line":54,"column":13}}},"fnMap":{"0":{"name":"fetchNotes","decl":{"start":{"line":7,"column":22},"end":{"line":7,"column":32}},"loc":{"start":{"line":7,"column":41},"end":{"line":27,"column":1}},"line":7},"1":{"name":"deleteNote","decl":{"start":{"line":29,"column":22},"end":{"line":29,"column":32}},"loc":{"start":{"line":29,"column":41},"end":{"line":38,"column":1}},"line":29},"2":{"name":"updateNote","decl":{"start":{"line":40,"column":22},"end":{"line":40,"column":32}},"loc":{"start":{"line":40,"column":50},"end":{"line":55,"column":null}},"line":40}},"branchMap":{"0":{"loc":{"start":{"line":8,"column":2},"end":{"line":8,"column":37}},"type":"if","locations":[{"start":{"line":8,"column":2},"end":{"line":8,"column":37}},{"start":{},"end":{}}],"line":8},"1":{"loc":{"start":{"line":17,"column":4},"end":{"line":20,"column":5}},"type":"if","locations":[{"start":{"line":17,"column":4},"end":{"line":20,"column":5}},{"start":{},"end":{}}],"line":17},"2":{"loc":{"start":{"line":32,"column":2},"end":{"line":35,"column":3}},"type":"if","locations":[{"start":{"line":32,"column":2},"end":{"line":35,"column":3}},{"start":{},"end":{}}],"line":32},"3":{"loc":{"start":{"line":41,"column":2},"end":{"line":44,"column":3}},"type":"if","locations":[{"start":{"line":41,"column":2},"end":{"line":44,"column":3}},{"start":{},"end":{}}],"line":41}},"s":{"0":1,"1":2,"2":0,"3":2,"4":2,"5":2,"6":0,"7":0,"8":2,"9":0,"10":0,"11":0,"12":0,"13":0,"14":0,"15":0,"16":0,"17":0,"18":0,"19":0,"20":0},"f":{"0":2,"1":0,"2":0},"b":{"0":[0,2],"1":[0,2],"2":[0,0],"3":[0,0]},"meta":{"lastBranch":4,"lastFunction":3,"lastStatement":21,"seen":{"s:5:13:5:36":0,"f:7:22:7:32":0,"b:8:2:8:37:undefined:undefined:undefined:undefined":0,"s:8:2:8:37":1,"s:8:25:8:37":2,"s:10:2:26:3":3,"s:11:28:15:48":4,"b:17:4:20:5:undefined:undefined:undefined:undefined":1,"s:17:4:20:5":5,"s:18:6:18:60":6,"s:19:6:19:18":7,"s:21:4:21:16":8,"s:24:4:24:57":9,"s:25:4:25:16":10,"f:29:22:29:32":1,"s:30:1:30:29":11,"b:32:2:35:3:undefined:undefined:undefined:undefined":2,"s:32:2:35:3":12,"s:33:3:33:46":13,"s:34:4:34:10":14,"s:37:2:37:79":15,"f:40:22:40:32":2,"b:41:2:44:3:undefined:undefined:undefined:undefined":3,"s:41:2:44:3":16,"s:42:3:42:55":17,"s:43:4:43:15":18,"s:46:19:52:13":19,"s:54:2:54:13":20}}}
,"C:\\Users\\admin\\Desktop\\vaultpad\\frontend\\src\\hooks\\useDebounce.js": {"path":"C:\\Users\\admin\\Desktop\\vaultpad\\frontend\\src\\hooks\\useDebounce.js","statementMap":{"0":{"start":{"line":4,"column":45},"end":{"line":4,"column":61}},"1":{"start":{"line":6,"column":1},"end":{"line":12,"column":20}},"2":{"start":{"line":7,"column":18},"end":{"line":9,"column":13}},"3":{"start":{"line":8,"column":6},"end":{"line":8,"column":30}},"4":{"start":{"line":11,"column":4},"end":{"line":11,"column":36}},"5":{"start":{"line":11,"column":17},"end":{"line":11,"column":36}},"6":{"start":{"line":14,"column":2},"end":{"line":14,"column":23}}},"fnMap":{"0":{"name":"useDebounce","decl":{"start":{"line":3,"column":16},"end":{"line":3,"column":27}},"loc":{"start":{"line":3,"column":48},"end":{"line":15,"column":null}},"line":3},"1":{"name":"(anonymous_1)","decl":{"start":{"line":6,"column":12},"end":{"line":6,"column":13}},"loc":{"start":{"line":6,"column":18},"end":{"line":12,"column":3}},"line":6},"2":{"name":"(anonymous_2)","decl":{"start":{"line":7,"column":29},"end":{"line":7,"column":30}},"loc":{"start":{"line":7,"column":35},"end":{"line":9,"column":5}},"line":7},"3":{"name":"(anonymous_3)","decl":{"start":{"line":11,"column":11},"end":{"line":11,"column":12}},"loc":{"start":{"line":11,"column":17},"end":{"line":11,"column":36}},"line":11}},"branchMap":{"0":{"loc":{"start":{"line":3,"column":35},"end":{"line":3,"column":46}},"type":"default-arg","locations":[{"start":{"line":3,"column":43},"end":{"line":3,"column":46}}],"line":3}},"s":{"0":8,"1":8,"2":8,"3":0,"4":8,"5":8,"6":8},"f":{"0":8,"1":8,"2":0,"3":8},"b":{"0":[8]},"meta":{"lastBranch":1,"lastFunction":4,"lastStatement":7,"seen":{"f:3:16:3:27":0,"b:3:43:3:46":0,"s:4:45:4:61":0,"s:6:1:12:20":1,"f:6:12:6:13":1,"s:7:18:9:13":2,"f:7:29:7:30":2,"s:8:6:8:30":3,"s:11:4:11:36":4,"f:11:11:11:12":3,"s:11:17:11:36":5,"s:14:2:14:23":6}}}
,"C:\\Users\\admin\\Desktop\\vaultpad\\frontend\\src\\hooks\\useNoteEditor.js": {"path":"C:\\Users\\admin\\Desktop\\vaultpad\\frontend\\src\\hooks\\useNoteEditor.js","statementMap":{"0":{"start":{"line":9,"column":18},"end":{"line":9,"column":28}},"1":{"start":{"line":10,"column":27},"end":{"line":10,"column":40}},"2":{"start":{"line":11,"column":31},"end":{"line":11,"column":44}},"3":{"start":{"line":12,"column":35},"end":{"line":12,"column":51}},"4":{"start":{"line":13,"column":31},"end":{"line":13,"column":46}},"5":{"start":{"line":14,"column":29},"end":{"line":14,"column":42}},"6":{"start":{"line":16,"column":24},"end":{"line":16,"column":48}},"7":{"start":{"line":17,"column":26},"end":{"line":17,"column":52}},"8":{"start":{"line":19,"column":27},"end":{"line":19,"column":38}},"9":{"start":{"line":20,"column":29},"end":{"line":20,"column":40}},"10":{"start":{"line":21,"column":23},"end":{"line":21,"column":37}},"11":{"start":{"line":22,"column":19},"end":{"line":22,"column":33}},"12":{"start":{"line":24,"column":49},"end":{"line":24,"column":89}},"13":{"start":{"line":26,"column":1},"end":{"line":57,"column":15}},"14":{"start":{"line":27,"column":4},"end":{"line":27,"column":24}},"15":{"start":{"line":27,"column":17},"end":{"line":27,"column":24}},"16":{"start":{"line":28,"column":4},"end":{"line":28,"column":21}},"17":{"start":{"line":29,"column":4},"end":{"line":29,"column":34}},"18":{"start":{"line":32,"column":6},"end":{"line":39,"column":7}},"19":{"start":{"line":33,"column":22},"end":{"line":33,"column":33}},"20":{"start":{"line":34,"column":23},"end":{"line":34,"column":66}},"21":{"start":{"line":34,"column":50},"end":{"line":34,"column":65}},"22":{"start":{"line":35,"column":8},"end":{"line":35,"column":54}},"23":{"start":{"line":36,"column":8},"end":{"line":36,"column":60}},"24":{"start":{"line":37,"column":8},"end":{"line":37,"column":26}},"25":{"start":{"line":38,"column":8},"end":{"line":38,"column":15}},"26":{"start":{"line":41,"column":23},"end":{"line":41,"column":129}},"27":{"start":{"line":42,"column":20},"end":{"line":42,"column":31}},"28":{"start":{"line":43,"column":25},"end":{"line":43,"column":58}},"29":{"start":{"line":44,"column":27},"end":{"line":44,"column":64}},"30":{"start":{"line":46,"column":6},"end":{"line":46,"column":27}},"31":{"start":{"line":47,"column":6},"end":{"line":47,"column":31}},"32":{"start":{"line":48,"column":6},"end":{"line":48,"column":45}},"33":{"start":{"line":49,"column":6},"end":{"line":49,"column":49}},"34":{"start":{"line":50,"column":6},"end":{"line":50,"column":21}},"35":{"start":{"line":51,"column":6},"end":{"line":51,"column":35}},"36":{"start":{"line":52,"column":6},"end":{"line":52,"column":26}},"37":{"start":{"line":53,"column":6},"end":{"line":53,"column":20}},"38":{"start":{"line":54,"column":6},"end":{"line":54,"column":24}},"39":{"start":{"line":56,"column":4},"end":{"line":56,"column":11}},"40":{"start":{"line":59,"column":1},"end":{"line":89,"column":41}},"41":{"start":{"line":60,"column":4},"end":{"line":60,"column":64}},"42":{"start":{"line":60,"column":57},"end":{"line":60,"column":64}},"43":{"start":{"line":62,"column":17},"end":{"line":85,"column":5}},"44":{"start":{"line":63,"column":22},"end":{"line":63,"column":81}},"45":{"start":{"line":64,"column":6},"end":{"line":64,"column":44}},"46":{"start":{"line":64,"column":37},"end":{"line":64,"column":44}},"47":{"start":{"line":66,"column":6},"end":{"line":75,"column":7}},"48":{"start":{"line":67,"column":7},"end":{"line":71,"column":11}},"49":{"start":{"line":72,"column":8},"end":{"line":72,"column":32}},"50":{"start":{"line":73,"column":8},"end":{"line":73,"column":38}},"51":{"start":{"line":74,"column":8},"end":{"line":74,"column":15}},"52":{"start":{"line":77,"column":6},"end":{"line":77,"column":29}},"53":{"start":{"line":78,"column":30},"end":{"line":78,"column":227}},"54":{"start":{"line":79,"column":6},"end":{"line":84,"column":7}},"55":{"start":{"line":80,"column":8},"end":{"line":80,"column":32}},"56":{"start":{"line":81,"column":8},"end":{"line":81,"column":21}},"57":{"start":{"line":82,"column":8},"end":{"line":82,"column":27}},"58":{"start":{"line":83,"column":8},"end":{"line":83,"column":27}},"59":{"start":{"line":87,"column":4},"end":{"line":87,"column":34}},"60":{"start":{"line":88,"column":4},"end":{"line":88,"column":38}},"61":{"start":{"line":92,"column":20},"end":{"line":111,"column":3}},"62":{"start":{"line":93,"column":4},"end":{"line":93,"column":71}},"63":{"start":{"line":93,"column":64},"end":{"line":93,"column":71}},"64":{"start":{"line":94,"column":4},"end":{"line":98,"column":5}},"65":{"start":{"line":95,"column":5},"end":{"line":95,"column":116}},"66":{"start":{"line":96,"column":6},"end":{"line":96,"column":36}},"67":{"start":{"line":97,"column":6},"end":{"line":97,"column":13}},"68":{"start":{"line":100,"column":4},"end":{"line":100,"column":29}},"69":{"start":{"line":101,"column":4},"end":{"line":101,"column":27}},"70":{"start":{"line":102,"column":21},"end":{"line":102,"column":195}},"71":{"start":{"line":103,"column":4},"end":{"line":109,"column":5}},"72":{"start":{"line":104,"column":6},"end":{"line":104,"column":40}},"73":{"start":{"line":105,"column":6},"end":{"line":105,"column":44}},"74":{"start":{"line":106,"column":6},"end":{"line":106,"column":19}},"75":{"start":{"line":107,"column":6},"end":{"line":107,"column":25}},"76":{"start":{"line":108,"column":6},"end":{"line":108,"column":25}},"77":{"start":{"line":110,"column":4},"end":{"line":110,"column":30}},"78":{"start":{"line":113,"column":1},"end":{"line":124,"column":23}},"79":{"start":{"line":114,"column":20},"end":{"line":121,"column":5}},"80":{"start":{"line":115,"column":6},"end":{"line":118,"column":7}},"81":{"start":{"line":116,"column":8},"end":{"line":116,"column":27}},"82":{"start":{"line":117,"column":8},"end":{"line":117,"column":20}},"83":{"start":{"line":119,"column":6},"end":{"line":119,"column":44}},"84":{"start":{"line":119,"column":25},"end":{"line":119,"column":44}},"85":{"start":{"line":120,"column":6},"end":{"line":120,"column":50}},"86":{"start":{"line":120,"column":30},"end":{"line":120,"column":50}},"87":{"start":{"line":122,"column":4},"end":{"line":122,"column":48}},"88":{"start":{"line":123,"column":4},"end":{"line":123,"column":64}},"89":{"start":{"line":123,"column":17},"end":{"line":123,"column":63}},"90":{"start":{"line":126,"column":2},"end":{"line":126,"column":92}}},"fnMap":{"0":{"name":"useNoteEditor","decl":{"start":{"line":8,"column":16},"end":{"line":8,"column":29}},"loc":{"start":{"line":8,"column":52},"end":{"line":127,"column":null}},"line":8},"1":{"name":"(anonymous_1)","decl":{"start":{"line":26,"column":12},"end":{"line":26,"column":13}},"loc":{"start":{"line":26,"column":18},"end":{"line":57,"column":3}},"line":26},"2":{"name":"load","decl":{"start":{"line":31,"column":19},"end":{"line":31,"column":23}},"loc":{"start":{"line":31,"column":26},"end":{"line":55,"column":5}},"line":31},"3":{"name":"(anonymous_3)","decl":{"start":{"line":34,"column":45},"end":{"line":34,"column":46}},"loc":{"start":{"line":34,"column":50},"end":{"line":34,"column":65}},"line":34},"4":{"name":"(anonymous_4)","decl":{"start":{"line":59,"column":12},"end":{"line":59,"column":13}},"loc":{"start":{"line":59,"column":18},"end":{"line":89,"column":3}},"line":59},"5":{"name":"(anonymous_5)","decl":{"start":{"line":62,"column":17},"end":{"line":62,"column":22}},"loc":{"start":{"line":62,"column":41},"end":{"line":85,"column":5}},"line":62},"6":{"name":"(anonymous_6)","decl":{"start":{"line":92,"column":20},"end":{"line":92,"column":25}},"loc":{"start":{"line":92,"column":32},"end":{"line":111,"column":3}},"line":92},"7":{"name":"(anonymous_7)","decl":{"start":{"line":113,"column":12},"end":{"line":113,"column":13}},"loc":{"start":{"line":113,"column":18},"end":{"line":124,"column":3}},"line":113},"8":{"name":"(anonymous_8)","decl":{"start":{"line":114,"column":20},"end":{"line":114,"column":21}},"loc":{"start":{"line":114,"column":27},"end":{"line":121,"column":5}},"line":114},"9":{"name":"(anonymous_9)","decl":{"start":{"line":123,"column":11},"end":{"line":123,"column":12}},"loc":{"start":{"line":123,"column":17},"end":{"line":123,"column":63}},"line":123}},"branchMap":{"0":{"loc":{"start":{"line":27,"column":4},"end":{"line":27,"column":24}},"type":"if","locations":[{"start":{"line":27,"column":4},"end":{"line":27,"column":24}},{"start":{},"end":{}}],"line":27},"1":{"loc":{"start":{"line":32,"column":6},"end":{"line":39,"column":7}},"type":"if","locations":[{"start":{"line":32,"column":6},"end":{"line":39,"column":7}},{"start":{},"end":{}}],"line":32},"2":{"loc":{"start":{"line":35,"column":17},"end":{"line":35,"column":52}},"type":"binary-expr","locations":[{"start":{"line":35,"column":17},"end":{"line":35,"column":29}},{"start":{"line":35,"column":33},"end":{"line":35,"column":46}},{"start":{"line":35,"column":50},"end":{"line":35,"column":52}}],"line":35},"3":{"loc":{"start":{"line":36,"column":19},"end":{"line":36,"column":58}},"type":"binary-expr","locations":[{"start":{"line":36,"column":19},"end":{"line":36,"column":33}},{"start":{"line":36,"column":37},"end":{"line":36,"column":52}},{"start":{"line":36,"column":56},"end":{"line":36,"column":58}}],"line":36},"4":{"loc":{"start":{"line":43,"column":25},"end":{"line":43,"column":58}},"type":"binary-expr","locations":[{"start":{"line":43,"column":25},"end":{"line":43,"column":37}},{"start":{"line":43,"column":41},"end":{"line":43,"column":52}},{"start":{"line":43,"column":56},"end":{"line":43,"column":58}}],"line":43},"5":{"loc":{"start":{"line":44,"column":27},"end":{"line":44,"column":64}},"type":"binary-expr","locations":[{"start":{"line":44,"column":27},"end":{"line":44,"column":41}},{"start":{"line":44,"column":45},"end":{"line":44,"column":58}},{"start":{"line":44,"column":62},"end":{"line":44,"column":64}}],"line":44},"6":{"loc":{"start":{"line":60,"column":4},"end":{"line":60,"column":64}},"type":"if","locations":[{"start":{"line":60,"column":4},"end":{"line":60,"column":64}},{"start":{},"end":{}}],"line":60},"7":{"loc":{"start":{"line":60,"column":8},"end":{"line":60,"column":55}},"type":"binary-expr","locations":[{"start":{"line":60,"column":8},"end":{"line":60,"column":18}},{"start":{"line":60,"column":22},"end":{"line":60,"column":44}},{"start":{"line":60,"column":48},"end":{"line":60,"column":55}}],"line":60},"8":{"loc":{"start":{"line":63,"column":22},"end":{"line":63,"column":81}},"type":"cond-expr","locations":[{"start":{"line":63,"column":42},"end":{"line":63,"column":59}},{"start":{"line":63,"column":62},"end":{"line":63,"column":81}}],"line":63},"9":{"loc":{"start":{"line":64,"column":6},"end":{"line":64,"column":44}},"type":"if","locations":[{"start":{"line":64,"column":6},"end":{"line":64,"column":44}},{"start":{},"end":{}}],"line":64},"10":{"loc":{"start":{"line":66,"column":6},"end":{"line":75,"column":7}},"type":"if","locations":[{"start":{"line":66,"column":6},"end":{"line":75,"column":7}},{"start":{},"end":{}}],"line":66},"11":{"loc":{"start":{"line":79,"column":6},"end":{"line":84,"column":7}},"type":"if","locations":[{"start":{"line":79,"column":6},"end":{"line":84,"column":7}},{"start":{},"end":{}}],"line":79},"12":{"loc":{"start":{"line":79,"column":10},"end":{"line":79,"column":24}},"type":"binary-expr","locations":[{"start":{"line":79,"column":10},"end":{"line":79,"column":16}},{"start":{"line":79,"column":20},"end":{"line":79,"column":24}}],"line":79},"13":{"loc":{"start":{"line":93,"column":4},"end":{"line":93,"column":71}},"type":"if","locations":[{"start":{"line":93,"column":4},"end":{"line":93,"column":71}},{"start":{},"end":{}}],"line":93},"14":{"loc":{"start":{"line":93,"column":8},"end":{"line":93,"column":62}},"type":"binary-expr","locations":[{"start":{"line":93,"column":8},"end":{"line":93,"column":30}},{"start":{"line":93,"column":34},"end":{"line":93,"column":51}},{"start":{"line":93,"column":55},"end":{"line":93,"column":62}}],"line":93},"15":{"loc":{"start":{"line":94,"column":4},"end":{"line":98,"column":5}},"type":"if","locations":[{"start":{"line":94,"column":4},"end":{"line":98,"column":5}},{"start":{},"end":{}}],"line":94},"16":{"loc":{"start":{"line":103,"column":4},"end":{"line":109,"column":5}},"type":"if","locations":[{"start":{"line":103,"column":4},"end":{"line":109,"column":5}},{"start":{},"end":{}}],"line":103},"17":{"loc":{"start":{"line":115,"column":6},"end":{"line":118,"column":7}},"type":"if","locations":[{"start":{"line":115,"column":6},"end":{"line":118,"column":7}},{"start":{},"end":{}}],"line":115},"18":{"loc":{"start":{"line":115,"column":10},"end":{"line":115,"column":51}},"type":"binary-expr","locations":[{"start":{"line":115,"column":11},"end":{"line":115,"column":20}},{"start":{"line":115,"column":24},"end":{"line":115,"column":33}},{"start":{"line":115,"column":38},"end":{"line":115,"column":51}}],"line":115},"19":{"loc":{"start":{"line":119,"column":6},"end":{"line":119,"column":44}},"type":"if","locations":[{"start":{"line":119,"column":6},"end":{"line":119,"column":44}},{"start":{},"end":{}}],"line":119},"20":{"loc":{"start":{"line":120,"column":6},"end":{"line":120,"column":50}},"type":"if","locations":[{"start":{"line":120,"column":6},"end":{"line":120,"column":50}},{"start":{},"end":{}}],"line":120}},"s":{"0":4,"1":4,"2":4,"3":4,"4":4,"5":4,"6":4,"7":4,"8":4,"9":4,"10":4,"11":4,"12":4,"13":4,"14":4,"15":2,"16":2,"17":2,"18":2,"19":0,"20":0,"21":0,"22":0,"23":0,"24":0,"25":0,"26":2,"27":2,"28":2,"29":2,"30":2,"31":2,"32":2,"33":2,"34":2,"35":2,"36":2,"37":2,"38":2,"39":2,"40":4,"41":4,"42":4,"43":0,"44":0,"45":0,"46":0,"47":0,"48":0,"49":0,"50":0,"51":0,"52":0,"53":0,"54":0,"55":0,"56":0,"57":0,"58":0,"59":0,"60":0,"61":4,"62":0,"63":0,"64":0,"65":0,"66":0,"67":0,"68":0,"69":0,"70":0,"71":0,"72":0,"73":0,"74":0,"75":0,"76":0,"77":0,"78":4,"79":4,"80":0,"81":0,"82":0,"83":0,"84":0,"85":0,"86":0,"87":4,"88":4,"89":4,"90":4},"f":{"0":4,"1":4,"2":2,"3":0,"4":4,"5":0,"6":0,"7":4,"8":0,"9":4},"b":{"0":[2,2],"1":[0,2],"2":[0,0,0],"3":[0,0,0],"4":[2,2,0],"5":[2,2,2],"6":[4,0],"7":[4,0,0],"8":[0,0],"9":[0,0],"10":[0,0],"11":[0,0],"12":[0,0],"13":[0,0],"14":[0,0,0],"15":[0,0],"16":[0,0],"17":[0,0],"18":[0,0,0],"19":[0,0],"20":[0,0]},"meta":{"lastBranch":21,"lastFunction":10,"lastStatement":91,"seen":{"f:8:16:8:29":0,"s:9:18:9:28":0,"s:10:27:10:40":1,"s:11:31:11:44":2,"s:12:35:12:51":3,"s:13:31:13:46":4,"s:14:29:14:42":5,"s:16:24:16:48":6,"s:17:26:17:52":7,"s:19:27:19:38":8,"s:20:29:20:40":9,"s:21:23:21:37":10,"s:22:19:22:33":11,"s:24:49:24:89":12,"s:26:1:57:15":13,"f:26:12:26:13":1,"b:27:4:27:24:undefined:undefined:undefined:undefined":0,"s:27:4:27:24":14,"s:27:17:27:24":15,"s:28:4:28:21":16,"s:29:4:29:34":17,"f:31:19:31:23":2,"b:32:6:39:7:undefined:undefined:undefined:undefined":1,"s:32:6:39:7":18,"s:33:22:33:33":19,"s:34:23:34:66":20,"f:34:45:34:46":3,"s:34:50:34:65":21,"s:35:8:35:54":22,"b:35:17:35:29:35:33:35:46:35:50:35:52":2,"s:36:8:36:60":23,"b:36:19:36:33:36:37:36:52:36:56:36:58":3,"s:37:8:37:26":24,"s:38:8:38:15":25,"s:41:23:41:129":26,"s:42:20:42:31":27,"s:43:25:43:58":28,"b:43:25:43:37:43:41:43:52:43:56:43:58":4,"s:44:27:44:64":29,"b:44:27:44:41:44:45:44:58:44:62:44:64":5,"s:46:6:46:27":30,"s:47:6:47:31":31,"s:48:6:48:45":32,"s:49:6:49:49":33,"s:50:6:50:21":34,"s:51:6:51:35":35,"s:52:6:52:26":36,"s:53:6:53:20":37,"s:54:6:54:24":38,"s:56:4:56:11":39,"s:59:1:89:41":40,"f:59:12:59:13":4,"b:60:4:60:64:undefined:undefined:undefined:undefined":6,"s:60:4:60:64":41,"b:60:8:60:18:60:22:60:44:60:48:60:55":7,"s:60:57:60:64":42,"s:62:17:85:5":43,"f:62:17:62:22":5,"s:63:22:63:81":44,"b:63:42:63:59:63:62:63:81":8,"b:64:6:64:44:undefined:undefined:undefined:undefined":9,"s:64:6:64:44":45,"s:64:37:64:44":46,"b:66:6:75:7:undefined:undefined:undefined:undefined":10,"s:66:6:75:7":47,"s:67:7:71:11":48,"s:72:8:72:32":49,"s:73:8:73:38":50,"s:74:8:74:15":51,"s:77:6:77:29":52,"s:78:30:78:227":53,"b:79:6:84:7:undefined:undefined:undefined:undefined":11,"s:79:6:84:7":54,"b:79:10:79:16:79:20:79:24":12,"s:80:8:80:32":55,"s:81:8:81:21":56,"s:82:8:82:27":57,"s:83:8:83:27":58,"s:87:4:87:34":59,"s:88:4:88:38":60,"s:92:20:111:3":61,"f:92:20:92:25":6,"b:93:4:93:71:undefined:undefined:undefined:undefined":13,"s:93:4:93:71":62,"b:93:8:93:30:93:34:93:51:93:55:93:62":14,"s:93:64:93:71":63,"b:94:4:98:5:undefined:undefined:undefined:undefined":15,"s:94:4:98:5":64,"s:95:5:95:116":65,"s:96:6:96:36":66,"s:97:6:97:13":67,"s:100:4:100:29":68,"s:101:4:101:27":69,"s:102:21:102:195":70,"b:103:4:109:5:undefined:undefined:undefined:undefined":16,"s:103:4:109:5":71,"s:104:6:104:40":72,"s:105:6:105:44":73,"s:106:6:106:19":74,"s:107:6:107:25":75,"s:108:6:108:25":76,"s:110:4:110:30":77,"s:113:1:124:23":78,"f:113:12:113:13":7,"s:114:20:121:5":79,"f:114:20:114:21":8,"b:115:6:118:7:undefined:undefined:undefined:undefined":17,"s:115:6:118:7":80,"b:115:11:115:20:115:24:115:33:115:38:115:51":18,"s:116:8:116:27":81,"s:117:8:117:20":82,"b:119:6:119:44:undefined:undefined:undefined:undefined":19,"s:119:6:119:44":83,"s:119:25:119:44":84,"b:120:6:120:50:undefined:undefined:undefined:undefined":20,"s:120:6:120:50":85,"s:120:30:120:50":86,"s:122:4:122:48":87,"s:123:4:123:64":88,"f:123:11:123:12":9,"s:123:17:123:63":89,"s:126:2:126:92":90}}}
,"C:\\Users\\admin\\Desktop\\vaultpad\\frontend\\src\\hooks\\useNotes.js": {"path":"C:\\Users\\admin\\Desktop\\vaultpad\\frontend\\src\\hooks\\useNotes.js","statementMap":{"0":{"start":{"line":8,"column":27},"end":{"line":8,"column":40}},"1":{"start":{"line":9,"column":33},"end":{"line":9,"column":48}},"2":{"start":{"line":10,"column":31},"end":{"line":10,"column":46}},"3":{"start":{"line":11,"column":23},"end":{"line":11,"column":36}},"4":{"start":{"line":13,"column":18},"end":{"line":33,"column":16}},"5":{"start":{"line":14,"column":4},"end":{"line":14,"column":22}},"6":{"start":{"line":14,"column":15},"end":{"line":14,"column":22}},"7":{"start":{"line":17,"column":18},"end":{"line":17,"column":35}},"8":{"start":{"line":18,"column":4},"end":{"line":20,"column":5}},"9":{"start":{"line":19,"column":6},"end":{"line":19,"column":23}},"10":{"start":{"line":23,"column":4},"end":{"line":29,"column":5}},"11":{"start":{"line":24,"column":19},"end":{"line":24,"column":44}},"12":{"start":{"line":25,"column":6},"end":{"line":28,"column":7}},"13":{"start":{"line":26,"column":8},"end":{"line":26,"column":23}},"14":{"start":{"line":27,"column":7},"end":{"line":27,"column":29}},"15":{"start":{"line":31,"column":4},"end":{"line":31,"column":22}},"16":{"start":{"line":32,"column":4},"end":{"line":32,"column":34}},"17":{"start":{"line":35,"column":1},"end":{"line":35,"column":38}},"18":{"start":{"line":37,"column":1},"end":{"line":41,"column":23}},"19":{"start":{"line":38,"column":4},"end":{"line":40,"column":5}},"20":{"start":{"line":39,"column":6},"end":{"line":39,"column":17}},"21":{"start":{"line":45,"column":19},"end":{"line":45,"column":38}},"22":{"start":{"line":46,"column":20},"end":{"line":46,"column":101}},"23":{"start":{"line":48,"column":4},"end":{"line":48,"column":41}},"24":{"start":{"line":48,"column":21},"end":{"line":48,"column":39}},"25":{"start":{"line":49,"column":4},"end":{"line":49,"column":24}},"26":{"start":{"line":52,"column":24},"end":{"line":52,"column":41}},"27":{"start":{"line":53,"column":3},"end":{"line":53,"column":47}},"28":{"start":{"line":55,"column":4},"end":{"line":62,"column":5}},"29":{"start":{"line":56,"column":5},"end":{"line":60,"column":9}},"30":{"start":{"line":61,"column":6},"end":{"line":61,"column":13}},"31":{"start":{"line":64,"column":28},"end":{"line":68,"column":15}},"32":{"start":{"line":70,"column":4},"end":{"line":73,"column":5}},"33":{"start":{"line":71,"column":6},"end":{"line":71,"column":98}},"34":{"start":{"line":71,"column":23},"end":{"line":71,"column":96}},"35":{"start":{"line":71,"column":37},"end":{"line":71,"column":95}},"36":{"start":{"line":72,"column":6},"end":{"line":72,"column":27}},"37":{"start":{"line":77,"column":4},"end":{"line":77,"column":52}},"38":{"start":{"line":77,"column":21},"end":{"line":77,"column":50}},"39":{"start":{"line":77,"column":38},"end":{"line":77,"column":49}},"40":{"start":{"line":78,"column":4},"end":{"line":78,"column":43}},"41":{"start":{"line":78,"column":25},"end":{"line":78,"column":43}},"42":{"start":{"line":80,"column":3},"end":{"line":80,"column":28}},"43":{"start":{"line":81,"column":4},"end":{"line":81,"column":43}},"44":{"start":{"line":83,"column":4},"end":{"line":86,"column":5}},"45":{"start":{"line":84,"column":5},"end":{"line":84,"column":53}},"46":{"start":{"line":85,"column":6},"end":{"line":85,"column":13}},"47":{"start":{"line":88,"column":4},"end":{"line":88,"column":78}},"48":{"start":{"line":91,"column":2},"end":{"line":99,"column":3}}},"fnMap":{"0":{"name":"useNotes","decl":{"start":{"line":7,"column":16},"end":{"line":7,"column":24}},"loc":{"start":{"line":7,"column":31},"end":{"line":100,"column":null}},"line":7},"1":{"name":"(anonymous_1)","decl":{"start":{"line":13,"column":31},"end":{"line":13,"column":36}},"loc":{"start":{"line":13,"column":43},"end":{"line":33,"column":3}},"line":13},"2":{"name":"(anonymous_2)","decl":{"start":{"line":37,"column":12},"end":{"line":37,"column":13}},"loc":{"start":{"line":37,"column":18},"end":{"line":41,"column":3}},"line":37},"3":{"name":"create","decl":{"start":{"line":44,"column":17},"end":{"line":44,"column":23}},"loc":{"start":{"line":44,"column":26},"end":{"line":74,"column":3}},"line":44},"4":{"name":"(anonymous_4)","decl":{"start":{"line":48,"column":13},"end":{"line":48,"column":17}},"loc":{"start":{"line":48,"column":21},"end":{"line":48,"column":39}},"line":48},"5":{"name":"(anonymous_5)","decl":{"start":{"line":71,"column":15},"end":{"line":71,"column":19}},"loc":{"start":{"line":71,"column":23},"end":{"line":71,"column":96}},"line":71},"6":{"name":"(anonymous_6)","decl":{"start":{"line":71,"column":32},"end":{"line":71,"column":33}},"loc":{"start":{"line":71,"column":37},"end":{"line":71,"column":95}},"line":71},"7":{"name":"remove","decl":{"start":{"line":76,"column":17},"end":{"line":76,"column":23}},"loc":{"start":{"line":76,"column":28},"end":{"line":89,"column":3}},"line":76},"8":{"name":"(anonymous_8)","decl":{"start":{"line":77,"column":13},"end":{"line":77,"column":17}},"loc":{"start":{"line":77,"column":21},"end":{"line":77,"column":50}},"line":77},"9":{"name":"(anonymous_9)","decl":{"start":{"line":77,"column":33},"end":{"line":77,"column":34}},"loc":{"start":{"line":77,"column":38},"end":{"line":77,"column":49}},"line":77}},"branchMap":{"0":{"loc":{"start":{"line":14,"column":4},"end":{"line":14,"column":22}},"type":"if","locations":[{"start":{"line":14,"column":4},"end":{"line":14,"column":22}},{"start":{},"end":{}}],"line":14},"1":{"loc":{"start":{"line":18,"column":4},"end":{"line":20,"column":5}},"type":"if","locations":[{"start":{"line":18,"column":4},"end":{"line":20,"column":5}},{"start":{},"end":{}}],"line":18},"2":{"loc":{"start":{"line":23,"column":4},"end":{"line":29,"column":5}},"type":"if","locations":[{"start":{"line":23,"column":4},"end":{"line":29,"column":5}},{"start":{},"end":{}}],"line":23},"3":{"loc":{"start":{"line":25,"column":6},"end":{"line":28,"column":7}},"type":"if","locations":[{"start":{"line":25,"column":6},"end":{"line":28,"column":7}},{"start":{},"end":{}}],"line":25},"4":{"loc":{"start":{"line":38,"column":4},"end":{"line":40,"column":5}},"type":"if","locations":[{"start":{"line":38,"column":4},"end":{"line":40,"column":5}},{"start":{},"end":{}}],"line":38},"5":{"loc":{"start":{"line":38,"column":8},"end":{"line":38,"column":37}},"type":"binary-expr","locations":[{"start":{"line":38,"column":8},"end":{"line":38,"column":12}},{"start":{"line":38,"column":16},"end":{"line":38,"column":37}}],"line":38},"6":{"loc":{"start":{"line":55,"column":4},"end":{"line":62,"column":5}},"type":"if","locations":[{"start":{"line":55,"column":4},"end":{"line":62,"column":5}},{"start":{},"end":{}}],"line":55},"7":{"loc":{"start":{"line":70,"column":4},"end":{"line":73,"column":5}},"type":"if","locations":[{"start":{"line":70,"column":4},"end":{"line":73,"column":5}},{"start":{},"end":{}}],"line":70},"8":{"loc":{"start":{"line":71,"column":37},"end":{"line":71,"column":95}},"type":"cond-expr","locations":[{"start":{"line":71,"column":55},"end":{"line":71,"column":91}},{"start":{"line":71,"column":94},"end":{"line":71,"column":95}}],"line":71},"9":{"loc":{"start":{"line":78,"column":4},"end":{"line":78,"column":43}},"type":"if","locations":[{"start":{"line":78,"column":4},"end":{"line":78,"column":43}},{"start":{},"end":{}}],"line":78},"10":{"loc":{"start":{"line":83,"column":4},"end":{"line":86,"column":5}},"type":"if","locations":[{"start":{"line":83,"column":4},"end":{"line":86,"column":5}},{"start":{},"end":{}}],"line":83}},"s":{"0":8,"1":8,"2":8,"3":8,"4":8,"5":2,"6":0,"7":2,"8":2,"9":0,"10":2,"11":2,"12":2,"13":2,"14":2,"15":2,"16":2,"17":8,"18":8,"19":4,"20":2,"21":1,"22":1,"23":1,"24":1,"25":1,"26":1,"27":1,"28":1,"29":0,"30":0,"31":1,"32":1,"33":1,"34":1,"35":1,"36":1,"37":0,"38":0,"39":0,"40":0,"41":0,"42":0,"43":0,"44":0,"45":0,"46":0,"47":0,"48":8},"f":{"0":8,"1":2,"2":4,"3":1,"4":1,"5":1,"6":1,"7":0,"8":0,"9":0},"b":{"0":[0,2],"1":[0,2],"2":[2,0],"3":[2,0],"4":[2,2],"5":[4,2],"6":[0,1],"7":[1,0],"8":[1,0],"9":[0,0],"10":[0,0]},"meta":{"lastBranch":11,"lastFunction":10,"lastStatement":49,"seen":{"f:7:16:7:24":0,"s:8:27:8:40":0,"s:9:33:9:48":1,"s:10:31:10:46":2,"s:11:23:11:36":3,"s:13:18:33:16":4,"f:13:31:13:36":1,"b:14:4:14:22:undefined:undefined:undefined:undefined":0,"s:14:4:14:22":5,"s:14:15:14:22":6,"s:17:18:17:35":7,"b:18:4:20:5:undefined:undefined:undefined:undefined":1,"s:18:4:20:5":8,"s:19:6:19:23":9,"b:23:4:29:5:undefined:undefined:undefined:undefined":2,"s:23:4:29:5":10,"s:24:19:24:44":11,"b:25:6:28:7:undefined:undefined:undefined:undefined":3,"s:25:6:28:7":12,"s:26:8:26:23":13,"s:27:7:27:29":14,"s:31:4:31:22":15,"s:32:4:32:34":16,"s:35:1:35:38":17,"s:37:1:41:23":18,"f:37:12:37:13":2,"b:38:4:40:5:undefined:undefined:undefined:undefined":4,"s:38:4:40:5":19,"b:38:8:38:12:38:16:38:37":5,"s:39:6:39:17":20,"f:44:17:44:23":3,"s:45:19:45:38":21,"s:46:20:46:101":22,"s:48:4:48:41":23,"f:48:13:48:17":4,"s:48:21:48:39":24,"s:49:4:49:24":25,"s:52:24:52:41":26,"s:53:3:53:47":27,"b:55:4:62:5:undefined:undefined:undefined:undefined":6,"s:55:4:62:5":28,"s:56:5:60:9":29,"s:61:6:61:13":30,"s:64:28:68:15":31,"b:70:4:73:5:undefined:undefined:undefined:undefined":7,"s:70:4:73:5":32,"s:71:6:71:98":33,"f:71:15:71:19":5,"s:71:23:71:96":34,"f:71:32:71:33":6,"s:71:37:71:95":35,"b:71:55:71:91:71:94:71:95":8,"s:72:6:72:27":36,"f:76:17:76:23":7,"s:77:4:77:52":37,"f:77:13:77:17":8,"s:77:21:77:50":38,"f:77:33:77:34":9,"s:77:38:77:49":39,"b:78:4:78:43:undefined:undefined:undefined:undefined":9,"s:78:4:78:43":40,"s:78:25:78:43":41,"s:80:3:80:28":42,"s:81:4:81:43":43,"b:83:4:86:5:undefined:undefined:undefined:undefined":10,"s:83:4:86:5":44,"s:84:5:84:53":45,"s:85:6:85:13":46,"s:88:4:88:78":47,"s:91:2:99:3":48}}}
,"C:\\Users\\admin\\Desktop\\vaultpad\\frontend\\src\\hooks\\useOfflineDraft.js": {"path":"C:\\Users\\admin\\Desktop\\vaultpad\\frontend\\src\\hooks\\useOfflineDraft.js","statementMap":{"0":{"start":{"line":4,"column":14},"end":{"line":4,"column":47}},"1":{"start":{"line":5,"column":21},"end":{"line":5,"column":35}},"2":{"start":{"line":6,"column":23},"end":{"line":6,"column":38}},"3":{"start":{"line":8,"column":2},"end":{"line":11,"column":3}},"4":{"start":{"line":9,"column":4},"end":{"line":9,"column":34}},"5":{"start":{"line":10,"column":4},"end":{"line":10,"column":31}},"6":{"start":{"line":14,"column":4},"end":{"line":14,"column":25}},"7":{"start":{"line":14,"column":14},"end":{"line":14,"column":25}},"8":{"start":{"line":15,"column":16},"end":{"line":15,"column":41}},"9":{"start":{"line":16,"column":4},"end":{"line":16,"column":25}},"10":{"start":{"line":16,"column":14},"end":{"line":16,"column":25}},"11":{"start":{"line":17,"column":4},"end":{"line":21,"column":5}},"12":{"start":{"line":18,"column":6},"end":{"line":18,"column":28}},"13":{"start":{"line":20,"column":6},"end":{"line":20,"column":17}},"14":{"start":{"line":24,"column":1},"end":{"line":36,"column":27}},"15":{"start":{"line":25,"column":4},"end":{"line":25,"column":20}},"16":{"start":{"line":25,"column":14},"end":{"line":25,"column":20}},"17":{"start":{"line":26,"column":4},"end":{"line":26,"column":36}},"18":{"start":{"line":26,"column":30},"end":{"line":26,"column":36}},"19":{"start":{"line":28,"column":4},"end":{"line":35,"column":5}},"20":{"start":{"line":39,"column":4},"end":{"line":39,"column":30}},"21":{"start":{"line":43,"column":4},"end":{"line":43,"column":20}},"22":{"start":{"line":43,"column":14},"end":{"line":43,"column":20}},"23":{"start":{"line":44,"column":4},"end":{"line":44,"column":32}},"24":{"start":{"line":46,"column":4},"end":{"line":54,"column":6}},"25":{"start":{"line":47,"column":6},"end":{"line":47,"column":41}},"26":{"start":{"line":47,"column":35},"end":{"line":47,"column":41}},"27":{"start":{"line":48,"column":6},"end":{"line":53,"column":16}},"28":{"start":{"line":49,"column":18},"end":{"line":49,"column":53}},"29":{"start":{"line":50,"column":8},"end":{"line":52,"column":9}},"30":{"start":{"line":51,"column":10},"end":{"line":51,"column":36}},"31":{"start":{"line":57,"column":2},"end":{"line":57,"column":48}}},"fnMap":{"0":{"name":"useOfflineDraft","decl":{"start":{"line":3,"column":16},"end":{"line":3,"column":31}},"loc":{"start":{"line":3,"column":56},"end":{"line":58,"column":null}},"line":3},"1":{"name":"loadDraft","decl":{"start":{"line":13,"column":11},"end":{"line":13,"column":20}},"loc":{"start":{"line":13,"column":23},"end":{"line":22,"column":3}},"line":13},"2":{"name":"(anonymous_2)","decl":{"start":{"line":24,"column":12},"end":{"line":24,"column":13}},"loc":{"start":{"line":24,"column":18},"end":{"line":36,"column":3}},"line":24},"3":{"name":"markHydrated","decl":{"start":{"line":38,"column":11},"end":{"line":38,"column":23}},"loc":{"start":{"line":38,"column":26},"end":{"line":40,"column":3}},"line":38},"4":{"name":"clearDraft","decl":{"start":{"line":42,"column":11},"end":{"line":42,"column":21}},"loc":{"start":{"line":42,"column":24},"end":{"line":55,"column":3}},"line":42},"5":{"name":"(anonymous_5)","decl":{"start":{"line":46,"column":38},"end":{"line":46,"column":39}},"loc":{"start":{"line":46,"column":45},"end":{"line":54,"column":5}},"line":46}},"branchMap":{"0":{"loc":{"start":{"line":4,"column":14},"end":{"line":4,"column":47}},"type":"cond-expr","locations":[{"start":{"line":4,"column":23},"end":{"line":4,"column":40}},{"start":{"line":4,"column":43},"end":{"line":4,"column":47}}],"line":4},"1":{"loc":{"start":{"line":8,"column":2},"end":{"line":11,"column":3}},"type":"if","locations":[{"start":{"line":8,"column":2},"end":{"line":11,"column":3}},{"start":{},"end":{}}],"line":8},"2":{"loc":{"start":{"line":14,"column":4},"end":{"line":14,"column":25}},"type":"if","locations":[{"start":{"line":14,"column":4},"end":{"line":14,"column":25}},{"start":{},"end":{}}],"line":14},"3":{"loc":{"start":{"line":16,"column":4},"end":{"line":16,"column":25}},"type":"if","locations":[{"start":{"line":16,"column":4},"end":{"line":16,"column":25}},{"start":{},"end":{}}],"line":16},"4":{"loc":{"start":{"line":25,"column":4},"end":{"line":25,"column":20}},"type":"if","locations":[{"start":{"line":25,"column":4},"end":{"line":25,"column":20}},{"start":{},"end":{}}],"line":25},"5":{"loc":{"start":{"line":26,"column":4},"end":{"line":26,"column":36}},"type":"if","locations":[{"start":{"line":26,"column":4},"end":{"line":26,"column":36}},{"start":{},"end":{}}],"line":26},"6":{"loc":{"start":{"line":43,"column":4},"end":{"line":43,"column":20}},"type":"if","locations":[{"start":{"line":43,"column":4},"end":{"line":43,"column":20}},{"start":{},"end":{}}],"line":43},"7":{"loc":{"start":{"line":47,"column":6},"end":{"line":47,"column":41}},"type":"if","locations":[{"start":{"line":47,"column":6},"end":{"line":47,"column":41}},{"start":{},"end":{}}],"line":47},"8":{"loc":{"start":{"line":50,"column":8},"end":{"line":52,"column":9}},"type":"if","locations":[{"start":{"line":50,"column":8},"end":{"line":52,"column":9}},{"start":{},"end":{}}],"line":50}},"s":{"0":4,"1":4,"2":4,"3":4,"4":0,"5":0,"6":2,"7":0,"8":2,"9":2,"10":2,"11":0,"12":0,"13":0,"14":4,"15":4,"16":2,"17":2,"18":2,"19":0,"20":2,"21":0,"22":0,"23":0,"24":0,"25":0,"26":0,"27":0,"28":0,"29":0,"30":0,"31":4},"f":{"0":4,"1":2,"2":4,"3":2,"4":0,"5":0},"b":{"0":[2,2],"1":[0,4],"2":[0,2],"3":[2,0],"4":[2,2],"5":[2,0],"6":[0,0],"7":[0,0],"8":[0,0]},"meta":{"lastBranch":9,"lastFunction":6,"lastStatement":32,"seen":{"f:3:16:3:31":0,"s:4:14:4:47":0,"b:4:23:4:40:4:43:4:47":0,"s:5:21:5:35":1,"s:6:23:6:38":2,"b:8:2:11:3:undefined:undefined:undefined:undefined":1,"s:8:2:11:3":3,"s:9:4:9:34":4,"s:10:4:10:31":5,"f:13:11:13:20":1,"b:14:4:14:25:undefined:undefined:undefined:undefined":2,"s:14:4:14:25":6,"s:14:14:14:25":7,"s:15:16:15:41":8,"b:16:4:16:25:undefined:undefined:undefined:undefined":3,"s:16:4:16:25":9,"s:16:14:16:25":10,"s:17:4:21:5":11,"s:18:6:18:28":12,"s:20:6:20:17":13,"s:24:1:36:27":14,"f:24:12:24:13":2,"b:25:4:25:20:undefined:undefined:undefined:undefined":4,"s:25:4:25:20":15,"s:25:14:25:20":16,"b:26:4:26:36:undefined:undefined:undefined:undefined":5,"s:26:4:26:36":17,"s:26:30:26:36":18,"s:28:4:35:5":19,"f:38:11:38:23":3,"s:39:4:39:30":20,"f:42:11:42:21":4,"b:43:4:43:20:undefined:undefined:undefined:undefined":6,"s:43:4:43:20":21,"s:43:14:43:20":22,"s:44:4:44:32":23,"s:46:4:54:6":24,"f:46:38:46:39":5,"b:47:6:47:41:undefined:undefined:undefined:undefined":7,"s:47:6:47:41":25,"s:47:35:47:41":26,"s:48:6:53:16":27,"s:49:18:49:53":28,"b:50:8:52:9:undefined:undefined:undefined:undefined":8,"s:50:8:52:9":29,"s:51:10:51:36":30,"s:57:2:57:48":31}}}
,"C:\\Users\\admin\\Desktop\\vaultpad\\frontend\\src\\hooks\\useOfflineQueue.js": {"path":"C:\\Users\\admin\\Desktop\\vaultpad\\frontend\\src\\hooks\\useOfflineQueue.js","statementMap":{"0":{"start":{"line":4,"column":18},"end":{"line":4,"column":33}},"1":{"start":{"line":7,"column":2},"end":{"line":11,"column":3}},"2":{"start":{"line":8,"column":4},"end":{"line":8,"column":60}},"3":{"start":{"line":10,"column":4},"end":{"line":10,"column":13}},"4":{"start":{"line":15,"column":2},"end":{"line":15,"column":56}},"5":{"start":{"line":19,"column":16},"end":{"line":19,"column":27}},"6":{"start":{"line":20,"column":2},"end":{"line":26,"column":3}},"7":{"start":{"line":21,"column":22},"end":{"line":21,"column":84}},"8":{"start":{"line":21,"column":38},"end":{"line":21,"column":83}},"9":{"start":{"line":22,"column":4},"end":{"line":25,"column":5}},"10":{"start":{"line":23,"column":6},"end":{"line":23,"column":59}},"11":{"start":{"line":23,"column":34},"end":{"line":23,"column":56}},"12":{"start":{"line":24,"column":6},"end":{"line":24,"column":13}},"13":{"start":{"line":27,"column":2},"end":{"line":27,"column":39}},"14":{"start":{"line":28,"column":2},"end":{"line":28,"column":18}},"15":{"start":{"line":32,"column":1},"end":{"line":113,"column":30}},"16":{"start":{"line":34,"column":6},"end":{"line":34,"column":47}},"17":{"start":{"line":34,"column":40},"end":{"line":34,"column":47}},"18":{"start":{"line":36,"column":20},"end":{"line":36,"column":31}},"19":{"start":{"line":37,"column":6},"end":{"line":37,"column":37}},"20":{"start":{"line":37,"column":30},"end":{"line":37,"column":37}},"21":{"start":{"line":39,"column":24},"end":{"line":39,"column":26}},"22":{"start":{"line":40,"column":20},"end":{"line":40,"column":25}},"23":{"start":{"line":42,"column":6},"end":{"line":99,"column":7}},"24":{"start":{"line":43,"column":8},"end":{"line":98,"column":9}},"25":{"start":{"line":44,"column":23},"end":{"line":44,"column":27}},"26":{"start":{"line":46,"column":10},"end":{"line":91,"column":11}},"27":{"start":{"line":47,"column":12},"end":{"line":47,"column":113}},"28":{"start":{"line":50,"column":15},"end":{"line":91,"column":11}},"29":{"start":{"line":51,"column":36},"end":{"line":51,"column":106}},"30":{"start":{"line":53,"column":12},"end":{"line":60,"column":13}},"31":{"start":{"line":55,"column":14},"end":{"line":59,"column":15}},"32":{"start":{"line":56,"column":16},"end":{"line":56,"column":71}},"33":{"start":{"line":58,"column":16},"end":{"line":58,"column":28}},"34":{"start":{"line":62,"column":12},"end":{"line":82,"column":13}},"35":{"start":{"line":63,"column":29},"end":{"line":63,"column":36}},"36":{"start":{"line":64,"column":29},"end":{"line":64,"column":39}},"37":{"start":{"line":67,"column":29},"end":{"line":67,"column":86}},"38":{"start":{"line":68,"column":35},"end":{"line":68,"column":94}},"39":{"start":{"line":68,"column":51},"end":{"line":68,"column":93}},"40":{"start":{"line":69,"column":14},"end":{"line":69,"column":82}},"41":{"start":{"line":72,"column":35},"end":{"line":72,"column":46}},"42":{"start":{"line":73,"column":35},"end":{"line":73,"column":108}},"43":{"start":{"line":73,"column":57},"end":{"line":73,"column":107}},"44":{"start":{"line":74,"column":14},"end":{"line":74,"column":38}},"45":{"start":{"line":77,"column":28},"end":{"line":77,"column":67}},"46":{"start":{"line":78,"column":14},"end":{"line":81,"column":15}},"47":{"start":{"line":79,"column":16},"end":{"line":79,"column":63}},"48":{"start":{"line":80,"column":16},"end":{"line":80,"column":59}},"49":{"start":{"line":83,"column":12},"end":{"line":83,"column":37}},"50":{"start":{"line":86,"column":15},"end":{"line":91,"column":11}},"51":{"start":{"line":87,"column":12},"end":{"line":87,"column":102}},"52":{"start":{"line":88,"column":27},"end":{"line":88,"column":84}},"53":{"start":{"line":89,"column":12},"end":{"line":89,"column":107}},"54":{"start":{"line":89,"column":84},"end":{"line":89,"column":103}},"55":{"start":{"line":90,"column":12},"end":{"line":90,"column":59}},"56":{"start":{"line":93,"column":10},"end":{"line":93,"column":48}},"57":{"start":{"line":93,"column":29},"end":{"line":93,"column":48}},"58":{"start":{"line":94,"column":10},"end":{"line":94,"column":25}},"59":{"start":{"line":96,"column":10},"end":{"line":96,"column":50}},"60":{"start":{"line":97,"column":10},"end":{"line":97,"column":30}},"61":{"start":{"line":101,"column":6},"end":{"line":101,"column":27}},"62":{"start":{"line":102,"column":6},"end":{"line":102,"column":52}},"63":{"start":{"line":102,"column":36},"end":{"line":102,"column":52}},"64":{"start":{"line":105,"column":4},"end":{"line":105,"column":50}},"65":{"start":{"line":106,"column":16},"end":{"line":106,"column":46}},"66":{"start":{"line":107,"column":4},"end":{"line":107,"column":17}},"67":{"start":{"line":109,"column":4},"end":{"line":112,"column":6}},"68":{"start":{"line":110,"column":6},"end":{"line":110,"column":55}},"69":{"start":{"line":111,"column":6},"end":{"line":111,"column":25}}},"fnMap":{"0":{"name":"loadQueue","decl":{"start":{"line":6,"column":9},"end":{"line":6,"column":18}},"loc":{"start":{"line":6,"column":21},"end":{"line":12,"column":1}},"line":6},"1":{"name":"saveQueue","decl":{"start":{"line":14,"column":9},"end":{"line":14,"column":18}},"loc":{"start":{"line":14,"column":26},"end":{"line":16,"column":1}},"line":14},"2":{"name":"queueOperation","decl":{"start":{"line":18,"column":16},"end":{"line":18,"column":30}},"loc":{"start":{"line":18,"column":35},"end":{"line":29,"column":1}},"line":18},"3":{"name":"(anonymous_3)","decl":{"start":{"line":21,"column":33},"end":{"line":21,"column":34}},"loc":{"start":{"line":21,"column":38},"end":{"line":21,"column":83}},"line":21},"4":{"name":"(anonymous_4)","decl":{"start":{"line":23,"column":29},"end":{"line":23,"column":30}},"loc":{"start":{"line":23,"column":34},"end":{"line":23,"column":56}},"line":23},"5":{"name":"useOfflineQueue","decl":{"start":{"line":31,"column":16},"end":{"line":31,"column":31}},"loc":{"start":{"line":31,"column":55},"end":{"line":114,"column":null}},"line":31},"6":{"name":"(anonymous_6)","decl":{"start":{"line":32,"column":12},"end":{"line":32,"column":13}},"loc":{"start":{"line":32,"column":18},"end":{"line":113,"column":3}},"line":32},"7":{"name":"flushQueue","decl":{"start":{"line":33,"column":19},"end":{"line":33,"column":29}},"loc":{"start":{"line":33,"column":32},"end":{"line":103,"column":5}},"line":33},"8":{"name":"(anonymous_8)","decl":{"start":{"line":68,"column":46},"end":{"line":68,"column":47}},"loc":{"start":{"line":68,"column":51},"end":{"line":68,"column":93}},"line":68},"9":{"name":"(anonymous_9)","decl":{"start":{"line":73,"column":52},"end":{"line":73,"column":53}},"loc":{"start":{"line":73,"column":57},"end":{"line":73,"column":107}},"line":73},"10":{"name":"(anonymous_10)","decl":{"start":{"line":89,"column":79},"end":{"line":89,"column":80}},"loc":{"start":{"line":89,"column":84},"end":{"line":89,"column":103}},"line":89},"11":{"name":"(anonymous_11)","decl":{"start":{"line":109,"column":11},"end":{"line":109,"column":12}},"loc":{"start":{"line":109,"column":17},"end":{"line":112,"column":5}},"line":109}},"branchMap":{"0":{"loc":{"start":{"line":8,"column":11},"end":{"line":8,"column":60}},"type":"binary-expr","locations":[{"start":{"line":8,"column":11},"end":{"line":8,"column":54}},{"start":{"line":8,"column":58},"end":{"line":8,"column":60}}],"line":8},"1":{"loc":{"start":{"line":20,"column":2},"end":{"line":26,"column":3}},"type":"if","locations":[{"start":{"line":20,"column":2},"end":{"line":26,"column":3}},{"start":{},"end":{}}],"line":20},"2":{"loc":{"start":{"line":21,"column":38},"end":{"line":21,"column":83}},"type":"binary-expr","locations":[{"start":{"line":21,"column":38},"end":{"line":21,"column":57}},{"start":{"line":21,"column":61},"end":{"line":21,"column":83}}],"line":21},"3":{"loc":{"start":{"line":22,"column":4},"end":{"line":25,"column":5}},"type":"if","locations":[{"start":{"line":22,"column":4},"end":{"line":25,"column":5}},{"start":{},"end":{}}],"line":22},"4":{"loc":{"start":{"line":34,"column":6},"end":{"line":34,"column":47}},"type":"if","locations":[{"start":{"line":34,"column":6},"end":{"line":34,"column":47}},{"start":{},"end":{}}],"line":34},"5":{"loc":{"start":{"line":34,"column":10},"end":{"line":34,"column":38}},"type":"binary-expr","locations":[{"start":{"line":34,"column":10},"end":{"line":34,"column":27}},{"start":{"line":34,"column":31},"end":{"line":34,"column":38}}],"line":34},"6":{"loc":{"start":{"line":37,"column":6},"end":{"line":37,"column":37}},"type":"if","locations":[{"start":{"line":37,"column":6},"end":{"line":37,"column":37}},{"start":{},"end":{}}],"line":37},"7":{"loc":{"start":{"line":46,"column":10},"end":{"line":91,"column":11}},"type":"if","locations":[{"start":{"line":46,"column":10},"end":{"line":91,"column":11}},{"start":{"line":50,"column":15},"end":{"line":91,"column":11}}],"line":46},"8":{"loc":{"start":{"line":50,"column":15},"end":{"line":91,"column":11}},"type":"if","locations":[{"start":{"line":50,"column":15},"end":{"line":91,"column":11}},{"start":{"line":86,"column":15},"end":{"line":91,"column":11}}],"line":50},"9":{"loc":{"start":{"line":53,"column":12},"end":{"line":60,"column":13}},"type":"if","locations":[{"start":{"line":53,"column":12},"end":{"line":60,"column":13}},{"start":{},"end":{}}],"line":53},"10":{"loc":{"start":{"line":55,"column":14},"end":{"line":59,"column":15}},"type":"if","locations":[{"start":{"line":55,"column":14},"end":{"line":59,"column":15}},{"start":{"line":57,"column":21},"end":{"line":59,"column":15}}],"line":55},"11":{"loc":{"start":{"line":62,"column":12},"end":{"line":82,"column":13}},"type":"if","locations":[{"start":{"line":62,"column":12},"end":{"line":82,"column":13}},{"start":{},"end":{}}],"line":62},"12":{"loc":{"start":{"line":67,"column":40},"end":{"line":67,"column":85}},"type":"binary-expr","locations":[{"start":{"line":67,"column":40},"end":{"line":67,"column":77}},{"start":{"line":67,"column":81},"end":{"line":67,"column":85}}],"line":67},"13":{"loc":{"start":{"line":68,"column":51},"end":{"line":68,"column":93}},"type":"cond-expr","locations":[{"start":{"line":68,"column":69},"end":{"line":68,"column":89}},{"start":{"line":68,"column":92},"end":{"line":68,"column":93}}],"line":68},"14":{"loc":{"start":{"line":73,"column":57},"end":{"line":73,"column":107}},"type":"cond-expr","locations":[{"start":{"line":73,"column":79},"end":{"line":73,"column":103}},{"start":{"line":73,"column":106},"end":{"line":73,"column":107}}],"line":73},"15":{"loc":{"start":{"line":78,"column":14},"end":{"line":81,"column":15}},"type":"if","locations":[{"start":{"line":78,"column":14},"end":{"line":81,"column":15}},{"start":{},"end":{}}],"line":78},"16":{"loc":{"start":{"line":86,"column":15},"end":{"line":91,"column":11}},"type":"if","locations":[{"start":{"line":86,"column":15},"end":{"line":91,"column":11}},{"start":{},"end":{}}],"line":86},"17":{"loc":{"start":{"line":88,"column":38},"end":{"line":88,"column":83}},"type":"binary-expr","locations":[{"start":{"line":88,"column":38},"end":{"line":88,"column":75}},{"start":{"line":88,"column":79},"end":{"line":88,"column":83}}],"line":88},"18":{"loc":{"start":{"line":93,"column":10},"end":{"line":93,"column":48}},"type":"if","locations":[{"start":{"line":93,"column":10},"end":{"line":93,"column":48}},{"start":{},"end":{}}],"line":93},"19":{"loc":{"start":{"line":102,"column":6},"end":{"line":102,"column":52}},"type":"if","locations":[{"start":{"line":102,"column":6},"end":{"line":102,"column":52}},{"start":{},"end":{}}],"line":102},"20":{"loc":{"start":{"line":102,"column":10},"end":{"line":102,"column":34}},"type":"binary-expr","locations":[{"start":{"line":102,"column":10},"end":{"line":102,"column":17}},{"start":{"line":102,"column":21},"end":{"line":102,"column":34}}],"line":102}},"s":{"0":2,"1":5,"2":5,"3":0,"4":3,"5":3,"6":3,"7":2,"8":1,"9":2,"10":1,"11":1,"12":1,"13":2,"14":2,"15":8,"16":4,"17":2,"18":2,"19":2,"20":2,"21":0,"22":0,"23":0,"24":0,"25":0,"26":0,"27":0,"28":0,"29":0,"30":0,"31":0,"32":0,"33":0,"34":0,"35":0,"36":0,"37":0,"38":0,"39":0,"40":0,"41":0,"42":0,"43":0,"44":0,"45":0,"46":0,"47":0,"48":0,"49":0,"50":0,"51":0,"52":0,"53":0,"54":0,"55":0,"56":0,"57":0,"58":0,"59":0,"60":0,"61":0,"62":0,"63":0,"64":4,"65":4,"66":4,"67":4,"68":4,"69":4},"f":{"0":5,"1":3,"2":3,"3":1,"4":1,"5":8,"6":4,"7":4,"8":0,"9":0,"10":0,"11":4},"b":{"0":[5,4],"1":[2,1],"2":[1,1],"3":[1,1],"4":[2,2],"5":[4,4],"6":[2,0],"7":[0,0],"8":[0,0],"9":[0,0],"10":[0,0],"11":[0,0],"12":[0,0],"13":[0,0],"14":[0,0],"15":[0,0],"16":[0,0],"17":[0,0],"18":[0,0],"19":[0,0],"20":[0,0]},"meta":{"lastBranch":21,"lastFunction":12,"lastStatement":70,"seen":{"s:4:18:4:33":0,"f:6:9:6:18":0,"s:7:2:11:3":1,"s:8:4:8:60":2,"b:8:11:8:54:8:58:8:60":0,"s:10:4:10:13":3,"f:14:9:14:18":1,"s:15:2:15:56":4,"f:18:16:18:30":2,"s:19:16:19:27":5,"b:20:2:26:3:undefined:undefined:undefined:undefined":1,"s:20:2:26:3":6,"s:21:22:21:84":7,"f:21:33:21:34":3,"s:21:38:21:83":8,"b:21:38:21:57:21:61:21:83":2,"b:22:4:25:5:undefined:undefined:undefined:undefined":3,"s:22:4:25:5":9,"s:23:6:23:59":10,"f:23:29:23:30":4,"s:23:34:23:56":11,"s:24:6:24:13":12,"s:27:2:27:39":13,"s:28:2:28:18":14,"f:31:16:31:31":5,"s:32:1:113:30":15,"f:32:12:32:13":6,"f:33:19:33:29":7,"b:34:6:34:47:undefined:undefined:undefined:undefined":4,"s:34:6:34:47":16,"b:34:10:34:27:34:31:34:38":5,"s:34:40:34:47":17,"s:36:20:36:31":18,"b:37:6:37:37:undefined:undefined:undefined:undefined":6,"s:37:6:37:37":19,"s:37:30:37:37":20,"s:39:24:39:26":21,"s:40:20:40:25":22,"s:42:6:99:7":23,"s:43:8:98:9":24,"s:44:23:44:27":25,"b:46:10:91:11:50:15:91:11":7,"s:46:10:91:11":26,"s:47:12:47:113":27,"b:50:15:91:11:86:15:91:11":8,"s:50:15:91:11":28,"s:51:36:51:106":29,"b:53:12:60:13:undefined:undefined:undefined:undefined":9,"s:53:12:60:13":30,"b:55:14:59:15:57:21:59:15":10,"s:55:14:59:15":31,"s:56:16:56:71":32,"s:58:16:58:28":33,"b:62:12:82:13:undefined:undefined:undefined:undefined":11,"s:62:12:82:13":34,"s:63:29:63:36":35,"s:64:29:64:39":36,"s:67:29:67:86":37,"b:67:40:67:77:67:81:67:85":12,"s:68:35:68:94":38,"f:68:46:68:47":8,"s:68:51:68:93":39,"b:68:69:68:89:68:92:68:93":13,"s:69:14:69:82":40,"s:72:35:72:46":41,"s:73:35:73:108":42,"f:73:52:73:53":9,"s:73:57:73:107":43,"b:73:79:73:103:73:106:73:107":14,"s:74:14:74:38":44,"s:77:28:77:67":45,"b:78:14:81:15:undefined:undefined:undefined:undefined":15,"s:78:14:81:15":46,"s:79:16:79:63":47,"s:80:16:80:59":48,"s:83:12:83:37":49,"b:86:15:91:11:undefined:undefined:undefined:undefined":16,"s:86:15:91:11":50,"s:87:12:87:102":51,"s:88:27:88:84":52,"b:88:38:88:75:88:79:88:83":17,"s:89:12:89:107":53,"f:89:79:89:80":10,"s:89:84:89:103":54,"s:90:12:90:59":55,"b:93:10:93:48:undefined:undefined:undefined:undefined":18,"s:93:10:93:48":56,"s:93:29:93:48":57,"s:94:10:94:25":58,"s:96:10:96:50":59,"s:97:10:97:30":60,"s:101:6:101:27":61,"b:102:6:102:52:undefined:undefined:undefined:undefined":19,"s:102:6:102:52":62,"b:102:10:102:17:102:21:102:34":20,"s:102:36:102:52":63,"s:105:4:105:50":64,"s:106:16:106:46":65,"s:107:4:107:17":66,"s:109:4:112:6":67,"f:109:11:109:12":11,"s:110:6:110:55":68,"s:111:6:111:25":69}}}
,"C:\\Users\\admin\\Desktop\\vaultpad\\frontend\\src\\lib\\supabase.js": {"path":"C:\\Users\\admin\\Desktop\\vaultpad\\frontend\\src\\lib\\supabase.js","statementMap":{"0":{"start":{"line":3,"column":20},"end":{"line":3,"column":53}},"1":{"start":{"line":4,"column":24},"end":{"line":4,"column":62}},"2":{"start":{"line":6,"column":23},"end":{"line":9,"column":null}}},"fnMap":{},"branchMap":{},"s":{"0":1,"1":1,"2":1},"f":{},"b":{},"meta":{"lastBranch":0,"lastFunction":0,"lastStatement":3,"seen":{"s:3:20:3:53":0,"s:4:24:4:62":1,"s:6:23:9:Infinity":2}}}
}
